C51 COMPILER V9.52.0.0   WI                                                                05/09/2022 20:39:32 PAGE 1   


C51 COMPILER V9.52.0.0, COMPILATION OF MODULE WI
OBJECT MODULE PLACED IN wi.OBJ
COMPILER INVOKED BY: B:\C51\BIN\C51.EXE wi.c BROWSE DEBUG OBJECTEXTEND TABS(2)

line level    source

   1          #include<reg51.h>
   2          sbit relay=P2^0;
   3          sbit sensor=P3^5;
   4          void main(void)
   5          {
   6   1      relay =0;
   7   1      sensor=1;
   8   1        
   9   1      while(1)
  10   1       { 
  11   2        if(sensor==1)
  12   2       
  13   2        relay=1;
  14   2        else
  15   2         relay=0;
  16   2         
  17   2       }
  18   1      }


MODULE INFORMATION:   STATIC OVERLAYABLE
   CODE SIZE        =     15    ----
   CONSTANT SIZE    =   ----    ----
   XDATA SIZE       =   ----    ----
   PDATA SIZE       =   ----    ----
   DATA SIZE        =   ----    ----
   IDATA SIZE       =   ----    ----
   BIT SIZE         =   ----    ----
END OF MODULE INFORMATION.


C51 COMPILATION COMPLETE.  0 WARNING(S),  0 ERROR(S)
